0 info it worked if it ends with ok
1 verbose cli [ '/Users/thomas/.nvm/versions/node/v4.2.1/bin/node',
1 verbose cli   '/Users/thomas/.nvm/versions/node/v4.2.1/bin/npm',
1 verbose cli   'publish' ]
2 info using npm@2.14.7
3 info using node@v4.2.1
4 verbose publish [ '.' ]
5 silly cache add args [ '.', null ]
6 verbose cache add spec .
7 silly cache add parsed spec Result {
7 silly cache add   raw: '.',
7 silly cache add   scope: null,
7 silly cache add   name: null,
7 silly cache add   rawSpec: '.',
7 silly cache add   spec: '/Users/thomas/Desktop/heart-favicon',
7 silly cache add   type: 'directory' }
8 verbose addLocalDirectory /Users/thomas/.npm/heart-favicon/0.0.1/package.tgz not in flight; packing
9 verbose tar pack [ '/Users/thomas/.npm/heart-favicon/0.0.1/package.tgz',
9 verbose tar pack   '/Users/thomas/Desktop/heart-favicon' ]
10 verbose tarball /Users/thomas/.npm/heart-favicon/0.0.1/package.tgz
11 verbose folder /Users/thomas/Desktop/heart-favicon
12 info prepublish heart-favicon@0.0.1
13 verbose unsafe-perm in lifecycle true
14 info heart-favicon@0.0.1 Failed to exec prepublish script
15 error addLocalDirectory Could not pack /Users/thomas/Desktop/heart-favicon to /Users/thomas/.npm/heart-favicon/0.0.1/package.tgz
16 error addLocal Could not install /Users/thomas/Desktop/heart-favicon
17 verbose stack Error: heart-favicon@0.0.1 prepublish: `npm run compile`
17 verbose stack Exit status 1
17 verbose stack     at EventEmitter.<anonymous> (/Users/thomas/.nvm/versions/node/v4.2.1/lib/node_modules/npm/lib/utils/lifecycle.js:214:16)
17 verbose stack     at emitTwo (events.js:87:13)
17 verbose stack     at EventEmitter.emit (events.js:172:7)
17 verbose stack     at ChildProcess.<anonymous> (/Users/thomas/.nvm/versions/node/v4.2.1/lib/node_modules/npm/lib/utils/spawn.js:24:14)
17 verbose stack     at emitTwo (events.js:87:13)
17 verbose stack     at ChildProcess.emit (events.js:172:7)
17 verbose stack     at maybeClose (internal/child_process.js:818:16)
17 verbose stack     at Process.ChildProcess._handle.onexit (internal/child_process.js:211:5)
18 verbose pkgid heart-favicon@0.0.1
19 verbose cwd /Users/thomas/Desktop/heart-favicon
20 error Darwin 15.0.0
21 error argv "/Users/thomas/.nvm/versions/node/v4.2.1/bin/node" "/Users/thomas/.nvm/versions/node/v4.2.1/bin/npm" "publish"
22 error node v4.2.1
23 error npm  v2.14.7
24 error code ELIFECYCLE
25 error heart-favicon@0.0.1 prepublish: `npm run compile`
25 error Exit status 1
26 error Failed at the heart-favicon@0.0.1 prepublish script 'npm run compile'.
26 error This is most likely a problem with the heart-favicon package,
26 error not with npm itself.
26 error Tell the author that this fails on your system:
26 error     npm run compile
26 error You can get their info via:
26 error     npm owner ls heart-favicon
26 error There is likely additional logging output above.
27 verbose exit [ 1, true ]
